<?xml version="1.0" encoding="UTF-8"?>
<!-- Generated by org.testng.reporters.JUnitXMLReporter -->
<testsuite ignored="0" hostname="DESKTOP-Q4E5VNR" failures="0" tests="3" name="Default test" time="86.768" errors="0" timestamp="2023-02-10T20:56:48 EST">
  <testcase classname="TheScoreGroupId.TheScoreArtifactId.TestScript" name="theScoreLeagueSelection" time="23.501"/>
  <testcase classname="TheScoreGroupId.TheScoreArtifactId.TestScript" name="theScoreLeagueSelection" time="17.946"/>
  <testcase classname="TheScoreGroupId.TheScoreArtifactId.TestScript" name="theScoreLeagueSelection" time="21.864"/>
</testsuite> <!-- Default test -->
