<?xml version="1.0" encoding="UTF-8"?>
<testsuite xmlns:xsi="http://www.w3.org/2001/XMLSchema-instance" xsi:noNamespaceSchemaLocation="https://maven.apache.org/surefire/maven-surefire-plugin/xsd/surefire-test-report-3.0.xsd" version="3.0" name="TheScoreGroupId.TheScoreArtifactId.TestScript" time="20.434" tests="11" errors="0" skipped="10" failures="1">
  <properties>
[...]
</properties>
  <testcase name="configureAppium" classname="TheScoreGroupId.TheScoreArtifactId.TestScript" time="20.319">
    <failure message="The local appium server has not been started. The given Node.js executable: C:\Program Files\nodejs\node.exe Arguments: [C:\Users\conno\AppData\Roaming\npm\node_modules\appium\build\lib\main.js, --port, 4723, --address, 0.0.0.0] &#10;Process output: &amp;#27;[35m[Appium]&amp;#27;[39m &amp;#27;[31mCommand &apos;npm.cmd --version&apos; exited with code 1&amp;#27;[39m&#10;&#10;" type="io.appium.java_client.service.local.AppiumServerHasNotBeenStartedLocallyException"><![CDATA[io.appium.java_client.service.local.AppiumServerHasNotBeenStartedLocallyException: 
The local appium server has not been started. The given Node.js executable: C:\Program Files\nodejs\node.exe Arguments: [C:\Users\conno\AppData\Roaming\npm\node_modules\appium\build\lib\main.js, --port, 4723, --address, 0.0.0.0] 
Process output: &amp#27;[35m[Appium]&amp#27;[39m &amp#27;[31mCommand 'npm.cmd --version' exited with code 1&amp#27;[39m


Caused by: org.openqa.selenium.net.UrlChecker$TimeoutException: Timed out waiting for [http://127.0.0.1:4723/status] to be available after 20016 ms
Caused by: java.util.concurrent.TimeoutException
]]></failure>
    <system-out><![CDATA[&amp#27;[35m[Appium]&amp#27;[39m &amp#27;[31mCommand 'npm.cmd --version' exited with code 1&amp#27;[39m
]]></system-out>
    <system-err><![CDATA[SLF4J: No SLF4J providers were found.
SLF4J: Defaulting to no-operation (NOP) logger implementation
SLF4J: See https://www.slf4j.org/codes.html#noProviders for further details.
]]></system-err>
  </testcase>
  <testcase name="preSetup" classname="TheScoreGroupId.TheScoreArtifactId.TestScript" time="0">
    <skipped/>
  </testcase>
  <testcase name="preSetup" classname="TheScoreGroupId.TheScoreArtifactId.TestScript" time="0">
    <skipped/>
  </testcase>
  <testcase name="preSetup" classname="TheScoreGroupId.TheScoreArtifactId.TestScript" time="0">
    <skipped/>
  </testcase>
  <testcase name="theScoreLeagueSelection[Arsenal, STATS (EPL), Tackles Succeeded](1)" classname="TheScoreGroupId.TheScoreArtifactId.TestScript" time="0">
    <skipped message="The local appium server has not been started. The given Node.js executable: C:\Program Files\nodejs\node.exe Arguments: [C:\Users\conno\AppData\Roaming\npm\node_modules\appium\build\lib\main.js, --port, 4723, --address, 0.0.0.0] &#10;Process output: &amp;#27;[35m[Appium]&amp;#27;[39m &amp;#27;[31mCommand &apos;npm.cmd --version&apos; exited with code 1&amp;#27;[39m&#10;&#10;"/>
  </testcase>
  <testcase name="postSetup" classname="TheScoreGroupId.TheScoreArtifactId.TestScript" time="0">
    <skipped/>
  </testcase>
  <testcase name="postSetup" classname="TheScoreGroupId.TheScoreArtifactId.TestScript" time="0">
    <skipped/>
  </testcase>
  <testcase name="postSetup" classname="TheScoreGroupId.TheScoreArtifactId.TestScript" time="0">
    <skipped/>
  </testcase>
  <testcase name="theScoreLeagueSelection[Detroit Lions, OFFENSE STATS, Total Yards](2)" classname="TheScoreGroupId.TheScoreArtifactId.TestScript" time="0">
    <skipped message="The local appium server has not been started. The given Node.js executable: C:\Program Files\nodejs\node.exe Arguments: [C:\Users\conno\AppData\Roaming\npm\node_modules\appium\build\lib\main.js, --port, 4723, --address, 0.0.0.0] &#10;Process output: &amp;#27;[35m[Appium]&amp;#27;[39m &amp;#27;[31mCommand &apos;npm.cmd --version&apos; exited with code 1&amp;#27;[39m&#10;&#10;"/>
  </testcase>
  <testcase name="theScoreLeagueSelection[Toronto Raptors, STATS, Pythagorean Wins](3)" classname="TheScoreGroupId.TheScoreArtifactId.TestScript" time="0">
    <skipped message="The local appium server has not been started. The given Node.js executable: C:\Program Files\nodejs\node.exe Arguments: [C:\Users\conno\AppData\Roaming\npm\node_modules\appium\build\lib\main.js, --port, 4723, --address, 0.0.0.0] &#10;Process output: &amp;#27;[35m[Appium]&amp;#27;[39m &amp;#27;[31mCommand &apos;npm.cmd --version&apos; exited with code 1&amp;#27;[39m&#10;&#10;"/>
  </testcase>
  <testcase name="tearDown" classname="TheScoreGroupId.TheScoreArtifactId.TestScript" time="0">
    <skipped/>
  </testcase>
</testsuite>