<?xml version="1.0" encoding="UTF-8"?>
<testng-results ignored="0" total="3" passed="3" failed="0" skipped="0">
  <reporter-output>
  </reporter-output>
  <suite started-at="2023-02-13T17:58:49 EST" name="Default suite" finished-at="2023-02-13T18:00:07 EST" duration-ms="78098">
    <groups>
    </groups>
    <test started-at="2023-02-13T17:58:49 EST" name="Default test" finished-at="2023-02-13T18:00:07 EST" duration-ms="78098">
      <class name="TheScoreGroupId.TheScoreArtifactId.TestScript">
        <test-method is-config="true" signature="preSetup()[pri:0, instance:TheScoreGroupId.TheScoreArtifactId.TestScript@59fd97a8]" started-at="2023-02-13T17:58:49 EST" name="preSetup" finished-at="2023-02-13T17:58:56 EST" duration-ms="6530" status="PASS">
          <reporter-output>
          </reporter-output>
        </test-method> <!-- preSetup -->
        <test-method signature="theScoreLeagueSelection(java.lang.String,java.lang.String,java.lang.String)[pri:0, instance:TheScoreGroupId.TheScoreArtifactId.TestScript@59fd97a8]" started-at="2023-02-13T17:58:56 EST" name="theScoreLeagueSelection" data-provider="GetDataLeague" finished-at="2023-02-13T17:59:15 EST" duration-ms="19743" status="PASS">
          <params>
            <param index="0">
              <value>
                <![CDATA[Arsenal]]>
              </value>
            </param>
            <param index="1">
              <value>
                <![CDATA[STATS (EPL)]]>
              </value>
            </param>
            <param index="2">
              <value>
                <![CDATA[Tackles Succeeded]]>
              </value>
            </param>
          </params>
          <reporter-output>
          </reporter-output>
        </test-method> <!-- theScoreLeagueSelection -->
        <test-method is-config="true" signature="postSetup()[pri:0, instance:TheScoreGroupId.TheScoreArtifactId.TestScript@59fd97a8]" started-at="2023-02-13T17:59:15 EST" name="postSetup" finished-at="2023-02-13T17:59:15 EST" duration-ms="177" status="PASS">
          <reporter-output>
          </reporter-output>
        </test-method> <!-- postSetup -->
        <test-method is-config="true" signature="preSetup()[pri:0, instance:TheScoreGroupId.TheScoreArtifactId.TestScript@59fd97a8]" started-at="2023-02-13T17:59:15 EST" name="preSetup" finished-at="2023-02-13T17:59:20 EST" duration-ms="4778" status="PASS">
          <reporter-output>
          </reporter-output>
        </test-method> <!-- preSetup -->
        <test-method signature="theScoreLeagueSelection(java.lang.String,java.lang.String,java.lang.String)[pri:0, instance:TheScoreGroupId.TheScoreArtifactId.TestScript@59fd97a8]" started-at="2023-02-13T17:59:20 EST" name="theScoreLeagueSelection" data-provider="GetDataLeague" finished-at="2023-02-13T17:59:41 EST" duration-ms="20803" status="PASS">
          <params>
            <param index="0">
              <value>
                <![CDATA[Detroit Lions]]>
              </value>
            </param>
            <param index="1">
              <value>
                <![CDATA[OFFENSE STATS]]>
              </value>
            </param>
            <param index="2">
              <value>
                <![CDATA[Total Yards]]>
              </value>
            </param>
          </params>
          <reporter-output>
          </reporter-output>
        </test-method> <!-- theScoreLeagueSelection -->
        <test-method is-config="true" signature="postSetup()[pri:0, instance:TheScoreGroupId.TheScoreArtifactId.TestScript@59fd97a8]" started-at="2023-02-13T17:59:41 EST" name="postSetup" finished-at="2023-02-13T17:59:41 EST" duration-ms="186" status="PASS">
          <reporter-output>
          </reporter-output>
        </test-method> <!-- postSetup -->
        <test-method is-config="true" signature="preSetup()[pri:0, instance:TheScoreGroupId.TheScoreArtifactId.TestScript@59fd97a8]" started-at="2023-02-13T17:59:41 EST" name="preSetup" finished-at="2023-02-13T17:59:46 EST" duration-ms="4771" status="PASS">
          <reporter-output>
          </reporter-output>
        </test-method> <!-- preSetup -->
        <test-method signature="theScoreLeagueSelection(java.lang.String,java.lang.String,java.lang.String)[pri:0, instance:TheScoreGroupId.TheScoreArtifactId.TestScript@59fd97a8]" started-at="2023-02-13T17:59:46 EST" name="theScoreLeagueSelection" data-provider="GetDataLeague" finished-at="2023-02-13T18:00:07 EST" duration-ms="20913" status="PASS">
          <params>
            <param index="0">
              <value>
                <![CDATA[Toronto Raptors]]>
              </value>
            </param>
            <param index="1">
              <value>
                <![CDATA[STATS]]>
              </value>
            </param>
            <param index="2">
              <value>
                <![CDATA[Pythagorean Wins]]>
              </value>
            </param>
          </params>
          <reporter-output>
          </reporter-output>
        </test-method> <!-- theScoreLeagueSelection -->
        <test-method is-config="true" signature="postSetup()[pri:0, instance:TheScoreGroupId.TheScoreArtifactId.TestScript@59fd97a8]" started-at="2023-02-13T18:00:07 EST" name="postSetup" finished-at="2023-02-13T18:00:07 EST" duration-ms="168" status="PASS">
          <reporter-output>
          </reporter-output>
        </test-method> <!-- postSetup -->
      </class> <!-- TheScoreGroupId.TheScoreArtifactId.TestScript -->
    </test> <!-- Default test -->
  </suite> <!-- Default suite -->
</testng-results>
